<!DOCTYPE html PUBLIC "-//W3C//DTD XHTML 1.1//EN" "https://www.w3.org/TR/xhtml11/DTD/xhtml11.dtd">
<html xmlns="https://www.w3.org/1999/xhtml">
<head>
<meta http-equiv="content-type" content="text/html; charset=UTF-8"/>
<title>TestNG Report</title>
<style type="text/css">table {margin-bottom:10px;border-collapse:collapse;empty-cells:show}th,td {border:1px solid #009;padding:.25em .5em}th {vertical-align:bottom}td {vertical-align:top}table a {font-weight:bold}.stripe td {background-color: #E6EBF9}.num {text-align:right}.passedodd td {background-color: #3F3}.passedeven td {background-color: #0A0}.skippedodd td {background-color: #DDD}.skippedeven td {background-color: #CCC}.failedodd td,.attn {background-color: #F33}.failedeven td,.stripe .attn {background-color: #D00}.stacktrace {white-space:pre;font-family:monospace}.totop {font-size:85%;text-align:center;border-bottom:2px solid #000}.invisible {display:none}</style>
</head>
<body>
<table>
<tr><th>Test</th><th># Passed</th><th># Skipped</th><th># Retried</th><th># Failed</th><th>Time (ms)</th><th>Included Groups</th><th>Excluded Groups</th></tr>
<tr><th colspan="8">BDD Test Suite</th></tr>
<tr><td><a href="#t0">BVT Test</a></td><td class="num">4</td><td class="num">0</td><td class="num">0</td><td class="num attn">3</td><td class="num">112,784</td><td></td><td></td></tr>
</table>
<table id='summary'><thead><tr><th>Class</th><th>Method</th><th>Start</th><th>Time (ms)</th></tr></thead><tbody><tr><th colspan="4">BDD Test Suite</th></tr></tbody><tbody id="t0"><tr><th colspan="4">BVT Test &#8212; failed</th></tr><tr class="failedeven"><td rowspan="3">com.cucumberFramework.testRunner.TestRunner</td><td><a href="#m0">feature</a></td><td rowspan="3">1657071088929</td><td rowspan="3">20711</td></tr><tr class="failedeven"><td><a href="#m1">feature</a></td></tr><tr class="failedeven"><td><a href="#m2">feature</a></td></tr><tr><th colspan="4">BVT Test &#8212; passed</th></tr><tr class="passedeven"><td rowspan="4">com.cucumberFramework.testRunner.TestRunner</td><td><a href="#m3">feature</a></td><td rowspan="4">1657071071486</td><td rowspan="4">17442</td></tr><tr class="passedeven"><td><a href="#m4">feature</a></td></tr><tr class="passedeven"><td><a href="#m5">feature</a></td></tr><tr class="passedeven"><td><a href="#m6">feature</a></td></tr></tbody>
</table>
<h2>BVT Test</h2><h3 id="m0">com.cucumberFramework.testRunner.TestRunner#feature</h3><table class="result"><tr class="param"><th>Parameter #1</th></tr><tr class="param stripe"><td>Internal transfer</td></tr><tr><th>Exception</th></tr><tr><td><div class="stacktrace">cucumber.runtime.CucumberException: java.lang.AssertionError: expected [true] but found [false]
	at cucumber.api.testng.TestNGCucumberRunner.runCucumber(TestNGCucumberRunner.java:69)
	at com.cucumberFramework.testRunner.TestRunner.feature(TestRunner.java:40)
	at java.util.ArrayList.forEach(ArrayList.java:1259)
Caused by: java.lang.AssertionError: expected [true] but found [false]
	at com.cucumberFramework.pageObjects.internalTransfer.isErrorMessageDisplay(internalTransfer.java:102)
	at com.cucumberFramework.stepdefinitions.internalTransferStepDefinitions.message_shown_up_is(internalTransferStepDefinitions.java:58)
	at ✽.Then message shown up is &quot;Tài khoản không hợp lệ&quot;(src/test/resources/features/module/internalTransfer.feature:18)
... Removed 35 stack frames</div></td></tr></table><p class="totop"><a href="#summary">back to summary</a></p>
<h3 id="m1">com.cucumberFramework.testRunner.TestRunner#feature</h3><table class="result"><tr class="param"><th>Parameter #1</th></tr><tr class="param stripe"><td>Login page</td></tr><tr><th>Exception</th></tr><tr><td><div class="stacktrace">cucumber.runtime.CucumberException: java.lang.AssertionError: expected [true] but found [false]
	at cucumber.api.testng.TestNGCucumberRunner.runCucumber(TestNGCucumberRunner.java:69)
	at com.cucumberFramework.testRunner.TestRunner.feature(TestRunner.java:40)
	at java.util.ArrayList.forEach(ArrayList.java:1259)
Caused by: java.lang.AssertionError: expected [true] but found [false]
	at com.cucumberFramework.pageObjects.login.isErrorMessageDisplay(login.java:75)
	at com.cucumberFramework.stepdefinitions.loginStepDefinitions.an_error_mesage_as(loginStepDefinitions.java:57)
	at ✽.Then an error mesage as Sai tài khoản hoặc mật khẩu(src/test/resources/features/module/login.feature:23)
... Removed 35 stack frames</div></td></tr></table><p class="totop"><a href="#summary">back to summary</a></p>
<h3 id="m2">com.cucumberFramework.testRunner.TestRunner#feature</h3><table class="result"><tr class="param"><th>Parameter #1</th></tr><tr class="param stripe"><td>Account information module</td></tr><tr><th>Exception</th></tr><tr><td><div class="stacktrace">cucumber.runtime.CucumberException: java.lang.AssertionError: expected [true] but found [false]
	at cucumber.api.testng.TestNGCucumberRunner.runCucumber(TestNGCucumberRunner.java:69)
	at com.cucumberFramework.testRunner.TestRunner.feature(TestRunner.java:40)
	at java.util.ArrayList.forEach(ArrayList.java:1259)
Caused by: java.lang.AssertionError: expected [true] but found [false]
	at com.cucumberFramework.pageObjects.accountInfo.isRegisteredDataCorrect(accountInfo.java:81)
	at com.cucumberFramework.stepdefinitions.accountInfoStepsDefinitions.i_compared_entered_data_in_registration_form(accountInfoStepsDefinitions.java:28)
	at ✽.Then compare entered data in registration form &quot;iviettech&quot; &quot;18/11/2001&quot; &quot;201502485&quot; &quot;0984222860&quot; &quot;Thanh pho Da Nang&quot; &quot;iviettechst46@gmail.com&quot;(src/test/resources/features/module/accountInfo.feature:12)
... Removed 35 stack frames</div></td></tr></table><p class="totop"><a href="#summary">back to summary</a></p>
<h3 id="m3">com.cucumberFramework.testRunner.TestRunner#feature</h3><table class="result"><tr class="param"><th>Parameter #1</th></tr><tr class="param stripe"><td>External transfer</td></tr></table><p class="totop"><a href="#summary">back to summary</a></p>
<h3 id="m4">com.cucumberFramework.testRunner.TestRunner#feature</h3><table class="result"><tr class="param"><th>Parameter #1</th></tr><tr class="param stripe"><td>Registration</td></tr></table><p class="totop"><a href="#summary">back to summary</a></p>
<h3 id="m5">com.cucumberFramework.testRunner.TestRunner#feature</h3><table class="result"><tr class="param"><th>Parameter #1</th></tr><tr class="param stripe"><td>Change password page</td></tr></table><p class="totop"><a href="#summary">back to summary</a></p>
<h3 id="m6">com.cucumberFramework.testRunner.TestRunner#feature</h3><table class="result"><tr class="param"><th>Parameter #1</th></tr><tr class="param stripe"><td>Create account</td></tr></table><p class="totop"><a href="#summary">back to summary</a></p>
</body>
</html>
