<!DOCTYPE html>
<html>
<head>

<meta http-equiv="Content-Type" content="text/html; charset=UTF-8" />

<script src="js/jquery.min.js"></script>
<script src="js/jquery.tablesorter.min.js"></script>
<script src="js/Chart.min.js"></script>
<script src="js/moment.min.js"></script>
<script src="js/bootstrap.min.js"></script>

<link rel="stylesheet" href="css/bootstrap.min.css" type="text/css"/>
<link rel="stylesheet" href="css/cucumber.css" type="text/css"/>
<link rel="stylesheet" href="css/font-awesome.min.css"/>
<link rel="shortcut icon" href="images/favicon.png"/>

<script>
$(document).ready(function() {
    // this will tell tablesorter to try looking for the data-value attribute
    // if present, it'll sort by that instead
    // otherwise, it'll sort by the text content of the table cell
    $("#tablesorter").tablesorter({
        textAttribute: 'data-value',
        // ignores the first row of the header, the 'scenario', 'steps', since
        // sorting those doesn't make sense
        selectorHeaders: '> thead tr:not(.dont-sort) th',
        // use a stable sort
        sortStable: true
    });
});
</script>











<title>Cucumber Reports (no 1.0) - Failures Overview</title>

</head>

<body>

<nav class="navbar navbar-default navbar-fixed-top" id="navigation">
  <div class="container-fluid">
    <div class="collapse navbar-collapse">
      <p class="navbar-text navbar-left">Cucumber Report</p>
      <ul class="nav navbar-nav navbar-right">
        <li role="presentation" ><a href="overview-features.html">Features</a></li>
        <li role="presentation" ><a href="overview-tags.html">Tags</a></li>
        <li role="presentation" ><a href="overview-steps.html">Steps</a></li>
        <li role="presentation"  class="active" ><a href="overview-failures.html">Failures</a></li>
      </ul>
    </div>
  </div>
</nav>


<div class="container-fluid">
  <div class="col-md-5 col-md-offset-1">

<table class="table table-bordered" id="build-info">
  <thead>
    <tr>
      <th>Project</th>
        <th>Number</th>
      <th>Date</th>
    </tr>
  </thead>
  <tbody>
    <tr class="info">
      <td>Ebanking</td>
        <td>1.0</td>
      <td>06 Jul 2022, 08:32</td>
    </tr>
  </tbody>
</table>

  </div>
  <div class="col-md-3 col-md-offset-2">
  </div>
</div>


<div id="report-lead" class="container-fluid">
  <div class="col-md-10 col-md-offset-1">
    <h2>Failures Overview</h2>
      <p>The following summary displays scenarios that failed.</p>
  </div>
</div>


<div class="container-fluid">
  <div class="row">
    <div class="col-md-1 col-md-offset-10">
      <i class="fa fa-chevron-circle-down fa-2x collapsable-control"
        onClick="javascript:$('#report .collapsable-details').collapse('show')"></i>
      <i class="fa fa-chevron-circle-up fa-2x collapsable-control"
        onClick="javascript:$('#report .collapsable-details').collapse('hide')"></i>
    </div>
  </div>
</div>


<div class="container-fluid" id="report">
  <div class="row">
    <div class="col-md-10 col-md-offset-1">

        <div class="elements">

<div class="element">
    <div class="indention">
      <b>Feature:</b>
      <a href="report-feature_2349546965.html">Account information module</a>
    </div>


<div class="tags indention">
    <b>Tags:</b>
       <a href="report-tag_3956575442.html">@RegressionTest</a>
</div>


  <span class="lead-duration duration">0.543</span>


  <span data-toggle="collapse" class=" collapsable-control" data-target="#element-1">

<div class="brief failed">
  <span class="keyword indention">Scenario</span>
  <span class="name">VA_01 Verify account profile information in account profile page is the same to registration information</span>


     <i class="chevron fa fa-fw"></i>
</div>

  </span>
  <div class="description indention"></div>

  <div id="element-1" class="collapse collapsable-details  in ">


  <div class="inner-level hooks-element-before">
    <div data-toggle="collapse" class=" collapsed  collapsable-control" data-target="#before-2">

<div class="brief passed">
  <span class="keyword indention">Hooks</span>
  <span class="name"></span>


     <i class="chevron fa fa-fw"></i>
</div>

    </div>

    <div id="before-2" class="inner-level collapse collapsable-details ">
        <div class="hook">
          <div class="brief passed">
            <span class="keyword indention">Before</span>
              <span class="location name">ServiceHooks.initializeTest()</span>

  <span class="lead-duration duration">3.199</span>

          </div>







        </div>
    </div>
  </div>



<div class="steps inner-level">
  <div data-toggle="collapse" class=" collapsable-control" data-target="#steps-3">

<div class="brief failed">
  <span class="keyword indention">Steps</span>
  <span class="name"></span>


     <i class="chevron fa fa-fw"></i>
</div>

  </div>

  <div id="steps-3" class="inner-level collapse collapsable-details  in ">
      <div class="step">


<div class="brief step-name-When passed">
  <span class="keyword indention">When</span>
  <span class="name">click on View account profile tab</span>

  <span class="lead-duration duration">0.293</span>

</div>
















      </div>
      <div class="step">


<div class="brief step-name-Then failed">
  <span class="keyword indention">Then</span>
  <span class="name">compare entered data in registration form &quot;<span class="argument">iviettech</span>&quot; &quot;<span class="argument">18/11/2001</span>&quot; &quot;<span class="argument">201502485</span>&quot; &quot;<span class="argument">0984222860</span>&quot; &quot;<span class="argument">Thanh pho Da Nang</span>&quot; &quot;<span class="argument">iviettechst46@gmail.com</span>&quot;</span>

  <span class="lead-duration duration">0.250</span>

</div>






  <div class="inner-level">
    <div class="message indention">
      <div data-toggle="collapse" class=" collapsable-control" data-target="#msg-4">
          <a>java.lang.AssertionError:</a>
      </div>
      <div id="msg-4" class="collapse collapsable-details  in ">
        <pre>java.lang.AssertionError: expected [true] but found [false]
	at org.testng.Assert.fail(Assert.java:110)
	at org.testng.Assert.failNotEquals(Assert.java:1413)
	at org.testng.Assert.assertTrue(Assert.java:56)
	at org.testng.Assert.assertTrue(Assert.java:66)
	at com.cucumberFramework.pageObjects.accountInfo.isRegisteredDataCorrect(accountInfo.java:81)
	at com.cucumberFramework.stepdefinitions.accountInfoStepsDefinitions.i_compared_entered_data_in_registration_form(accountInfoStepsDefinitions.java:28)
	at &#10045;.Then compare entered data in registration form &quot;iviettech&quot; &quot;18/11/2001&quot; &quot;201502485&quot; &quot;0984222860&quot; &quot;Thanh pho Da Nang&quot; &quot;iviettechst46@gmail.com&quot;(src/test/resources/features/module/accountInfo.feature:12)
</pre>
      </div>
    </div>
  </div>







  <div class="embeddings inner-level">
  <div class="embedding indention">
    <div data-toggle="collapse" data-target="#embedding-5" class="collapsable-control">
      <a>Attachment 1 (png)</a>
      <a href="embeddings/embedding_1064185704.png" download target="_blank">
        <span class="download-button glyphicon glyphicon-download-alt"></span>
      </a>
    </div>
    <div id="embedding-5" class="collapse collapsable-details ">
      <div class="embedding-content">
        <img src="embeddings/embedding_1064185704.png">
      </div>
    </div>
  </div>
  </div>




      </div>
  </div>
</div>




  <div class="inner-level hooks-element-after">
    <div data-toggle="collapse" class=" collapsed  collapsable-control" data-target="#after-6">

<div class="brief passed">
  <span class="keyword indention">Hooks</span>
  <span class="name"></span>


     <i class="chevron fa fa-fw"></i>
</div>

    </div>

    <div id="after-6" class="inner-level collapse collapsable-details ">
        <div class="hook">
          <div class="brief passed">
            <span class="keyword indention">After</span>
              <span class="location name">ServiceHooks.endTest(Scenario)</span>

  <span class="lead-duration duration">0.932</span>

          </div>







        </div>
    </div>
  </div>

  </div>
</div>


<div class="element">
    <div class="indention">
      <b>Feature:</b>
      <a href="report-feature_4_4079295324.html">Internal transfer</a>
    </div>


<div class="tags indention">
    <b>Tags:</b>
       <a href="report-tag_3956575442.html">@RegressionTest</a>
</div>


  <span class="lead-duration duration">0.864</span>


  <span data-toggle="collapse" class=" collapsable-control" data-target="#element-7">

<div class="brief failed">
  <span class="keyword indention">Scenario</span>
  <span class="name">ITM_07 Verify error mesage when providing invalid account of beneficiary</span>


     <i class="chevron fa fa-fw"></i>
</div>

  </span>
  <div class="description indention"></div>

  <div id="element-7" class="collapse collapsable-details  in ">


  <div class="inner-level hooks-element-before">
    <div data-toggle="collapse" class=" collapsed  collapsable-control" data-target="#before-8">

<div class="brief passed">
  <span class="keyword indention">Hooks</span>
  <span class="name"></span>


     <i class="chevron fa fa-fw"></i>
</div>

    </div>

    <div id="before-8" class="inner-level collapse collapsable-details ">
        <div class="hook">
          <div class="brief passed">
            <span class="keyword indention">Before</span>
              <span class="location name">ServiceHooks.initializeTest()</span>

  <span class="lead-duration duration">1.446</span>

          </div>







        </div>
    </div>
  </div>



<div class="steps inner-level">
  <div data-toggle="collapse" class=" collapsable-control" data-target="#steps-9">

<div class="brief failed">
  <span class="keyword indention">Steps</span>
  <span class="name"></span>


     <i class="chevron fa fa-fw"></i>
</div>

  </div>

  <div id="steps-9" class="inner-level collapse collapsable-details  in ">
      <div class="step">


<div class="brief step-name-When passed">
  <span class="keyword indention">When</span>
  <span class="name">select first item for T&agrave;i kho&#7843;n ngu&#7891;n</span>

  <span class="lead-duration duration">0.199</span>

</div>
















      </div>
      <div class="step">


<div class="brief step-name-And passed">
  <span class="keyword indention">And</span>
  <span class="name">enter &quot;<span class="argument">*(&amp;&amp;&amp;abcdhj </span>&quot; to T&agrave;i kho&#7843;n nh&#7853;n</span>

  <span class="lead-duration duration">0.165</span>

</div>
















      </div>
      <div class="step">


<div class="brief step-name-And passed">
  <span class="keyword indention">And</span>
  <span class="name">enter &quot;<span class="argument">100000</span>&quot; to S&#7889; ti&#7873;n</span>

  <span class="lead-duration duration">0.141</span>

</div>
















      </div>
      <div class="step">


<div class="brief step-name-And passed">
  <span class="keyword indention">And</span>
  <span class="name">enter &quot;<span class="argument">Happy Wedding</span>&quot; to N&#7897;i dung thanh to&aacute;n</span>

  <span class="lead-duration duration">0.107</span>

</div>
















      </div>
      <div class="step">


<div class="brief step-name-And passed">
  <span class="keyword indention">And</span>
  <span class="name">click on a confirm button</span>

  <span class="lead-duration duration">0.189</span>

</div>
















      </div>
      <div class="step">


<div class="brief step-name-Then failed">
  <span class="keyword indention">Then</span>
  <span class="name">message shown up is &quot;<span class="argument">T&agrave;i kho&#7843;n kh&ocirc;ng h&#7907;p l&#7879;</span>&quot;</span>

  <span class="lead-duration duration">0.062</span>

</div>






  <div class="inner-level">
    <div class="message indention">
      <div data-toggle="collapse" class=" collapsable-control" data-target="#msg-10">
          <a>java.lang.AssertionError:</a>
      </div>
      <div id="msg-10" class="collapse collapsable-details  in ">
        <pre>java.lang.AssertionError: expected [true] but found [false]
	at org.testng.Assert.fail(Assert.java:110)
	at org.testng.Assert.failNotEquals(Assert.java:1413)
	at org.testng.Assert.assertTrue(Assert.java:56)
	at org.testng.Assert.assertTrue(Assert.java:66)
	at com.cucumberFramework.pageObjects.internalTransfer.isErrorMessageDisplay(internalTransfer.java:102)
	at com.cucumberFramework.stepdefinitions.internalTransferStepDefinitions.message_shown_up_is(internalTransferStepDefinitions.java:58)
	at &#10045;.Then message shown up is &quot;T&agrave;i kho&#7843;n kh&ocirc;ng h&#7907;p l&#7879;&quot;(src/test/resources/features/module/internalTransfer.feature:18)
</pre>
      </div>
    </div>
  </div>







  <div class="embeddings inner-level">
  <div class="embedding indention">
    <div data-toggle="collapse" data-target="#embedding-11" class="collapsable-control">
      <a>Attachment 1 (png)</a>
      <a href="embeddings/embedding_973981548.png" download target="_blank">
        <span class="download-button glyphicon glyphicon-download-alt"></span>
      </a>
    </div>
    <div id="embedding-11" class="collapse collapsable-details ">
      <div class="embedding-content">
        <img src="embeddings/embedding_973981548.png">
      </div>
    </div>
  </div>
  </div>




      </div>
  </div>
</div>




  <div class="inner-level hooks-element-after">
    <div data-toggle="collapse" class=" collapsed  collapsable-control" data-target="#after-12">

<div class="brief passed">
  <span class="keyword indention">Hooks</span>
  <span class="name"></span>


     <i class="chevron fa fa-fw"></i>
</div>

    </div>

    <div id="after-12" class="inner-level collapse collapsable-details ">
        <div class="hook">
          <div class="brief passed">
            <span class="keyword indention">After</span>
              <span class="location name">ServiceHooks.endTest(Scenario)</span>

  <span class="lead-duration duration">0.930</span>

          </div>







        </div>
    </div>
  </div>

  </div>
</div>


<div class="element">
    <div class="indention">
      <b>Feature:</b>
      <a href="report-feature_4_4079295324.html">Internal transfer</a>
    </div>


<div class="tags indention">
    <b>Tags:</b>
       <a href="report-tag_3956575442.html">@RegressionTest</a>
</div>


  <span class="lead-duration duration">0.856</span>


  <span data-toggle="collapse" class=" collapsable-control" data-target="#element-13">

<div class="brief failed">
  <span class="keyword indention">Scenario</span>
  <span class="name">ITM_11 Verify error message if entering invalid data to &quot;S&#7889; ti&#7873;n&quot; field</span>


     <i class="chevron fa fa-fw"></i>
</div>

  </span>
  <div class="description indention"></div>

  <div id="element-13" class="collapse collapsable-details  in ">


  <div class="inner-level hooks-element-before">
    <div data-toggle="collapse" class=" collapsed  collapsable-control" data-target="#before-14">

<div class="brief passed">
  <span class="keyword indention">Hooks</span>
  <span class="name"></span>


     <i class="chevron fa fa-fw"></i>
</div>

    </div>

    <div id="before-14" class="inner-level collapse collapsable-details ">
        <div class="hook">
          <div class="brief passed">
            <span class="keyword indention">Before</span>
              <span class="location name">ServiceHooks.initializeTest()</span>

  <span class="lead-duration duration">1.494</span>

          </div>







        </div>
    </div>
  </div>



<div class="steps inner-level">
  <div data-toggle="collapse" class=" collapsable-control" data-target="#steps-15">

<div class="brief failed">
  <span class="keyword indention">Steps</span>
  <span class="name"></span>


     <i class="chevron fa fa-fw"></i>
</div>

  </div>

  <div id="steps-15" class="inner-level collapse collapsable-details  in ">
      <div class="step">


<div class="brief step-name-When passed">
  <span class="keyword indention">When</span>
  <span class="name">select first item for T&agrave;i kho&#7843;n ngu&#7891;n</span>

  <span class="lead-duration duration">0.202</span>

</div>
















      </div>
      <div class="step">


<div class="brief step-name-And passed">
  <span class="keyword indention">And</span>
  <span class="name">enter &quot;<span class="argument">100002410</span>&quot; to T&agrave;i kho&#7843;n nh&#7853;n</span>

  <span class="lead-duration duration">0.163</span>

</div>
















      </div>
      <div class="step">


<div class="brief step-name-And passed">
  <span class="keyword indention">And</span>
  <span class="name">enter &quot;<span class="argument">+_+15abc</span>&quot; to S&#7889; ti&#7873;n</span>

  <span class="lead-duration duration">0.128</span>

</div>
















      </div>
      <div class="step">


<div class="brief step-name-And passed">
  <span class="keyword indention">And</span>
  <span class="name">enter &quot;<span class="argument">Happy Wedding</span>&quot; to N&#7897;i dung thanh to&aacute;n</span>

  <span class="lead-duration duration">0.105</span>

</div>
















      </div>
      <div class="step">


<div class="brief step-name-And passed">
  <span class="keyword indention">And</span>
  <span class="name">click on a confirm button</span>

  <span class="lead-duration duration">0.187</span>

</div>
















      </div>
      <div class="step">


<div class="brief step-name-Then failed">
  <span class="keyword indention">Then</span>
  <span class="name">message shown up is &quot;<span class="argument">S&#7889; ti&#7873;n kh&ocirc;ng h&#7907;p l&#7879;</span>&quot;</span>

  <span class="lead-duration duration">0.069</span>

</div>






  <div class="inner-level">
    <div class="message indention">
      <div data-toggle="collapse" class=" collapsable-control" data-target="#msg-16">
          <a>java.lang.AssertionError:</a>
      </div>
      <div id="msg-16" class="collapse collapsable-details  in ">
        <pre>java.lang.AssertionError: expected [true] but found [false]
	at org.testng.Assert.fail(Assert.java:110)
	at org.testng.Assert.failNotEquals(Assert.java:1413)
	at org.testng.Assert.assertTrue(Assert.java:56)
	at org.testng.Assert.assertTrue(Assert.java:66)
	at com.cucumberFramework.pageObjects.internalTransfer.isErrorMessageDisplay(internalTransfer.java:102)
	at com.cucumberFramework.stepdefinitions.internalTransferStepDefinitions.message_shown_up_is(internalTransferStepDefinitions.java:58)
	at &#10045;.Then message shown up is &quot;S&#7889; ti&#7873;n kh&ocirc;ng h&#7907;p l&#7879;&quot;(src/test/resources/features/module/internalTransfer.feature:38)
</pre>
      </div>
    </div>
  </div>







  <div class="embeddings inner-level">
  <div class="embedding indention">
    <div data-toggle="collapse" data-target="#embedding-17" class="collapsable-control">
      <a>Attachment 1 (png)</a>
      <a href="embeddings/embedding_-928121242.png" download target="_blank">
        <span class="download-button glyphicon glyphicon-download-alt"></span>
      </a>
    </div>
    <div id="embedding-17" class="collapse collapsable-details ">
      <div class="embedding-content">
        <img src="embeddings/embedding_-928121242.png">
      </div>
    </div>
  </div>
  </div>




      </div>
  </div>
</div>




  <div class="inner-level hooks-element-after">
    <div data-toggle="collapse" class=" collapsed  collapsable-control" data-target="#after-18">

<div class="brief passed">
  <span class="keyword indention">Hooks</span>
  <span class="name"></span>


     <i class="chevron fa fa-fw"></i>
</div>

    </div>

    <div id="after-18" class="inner-level collapse collapsable-details ">
        <div class="hook">
          <div class="brief passed">
            <span class="keyword indention">After</span>
              <span class="location name">ServiceHooks.endTest(Scenario)</span>

  <span class="lead-duration duration">0.937</span>

          </div>







        </div>
    </div>
  </div>

  </div>
</div>


<div class="element">
    <div class="indention">
      <b>Feature:</b>
      <a href="report-feature_5_1670452483.html">Login page</a>
    </div>


<div class="tags indention">
    <b>Tags:</b>
       <a href="report-tag_3956575442.html">@RegressionTest</a>
</div>


  <span class="lead-duration duration">0.510</span>


  <span data-toggle="collapse" class=" collapsable-control" data-target="#element-19">

<div class="brief failed">
  <span class="keyword indention">Scenario Outline</span>
  <span class="name">LI_04 Verify error message if providing unregistered/incorrect username</span>


     <i class="chevron fa fa-fw"></i>
</div>

  </span>
  <div class="description indention">                LI_06 Verify error message if inputing correct username and wrong password</div>

  <div id="element-19" class="collapse collapsable-details  in ">


  <div class="inner-level hooks-element-before">
    <div data-toggle="collapse" class=" collapsed  collapsable-control" data-target="#before-20">

<div class="brief passed">
  <span class="keyword indention">Hooks</span>
  <span class="name"></span>


     <i class="chevron fa fa-fw"></i>
</div>

    </div>

    <div id="before-20" class="inner-level collapse collapsable-details ">
        <div class="hook">
          <div class="brief passed">
            <span class="keyword indention">Before</span>
              <span class="location name">ServiceHooks.initializeTest()</span>

  <span class="lead-duration duration">1.427</span>

          </div>







        </div>
    </div>
  </div>



<div class="steps inner-level">
  <div data-toggle="collapse" class=" collapsable-control" data-target="#steps-21">

<div class="brief failed">
  <span class="keyword indention">Steps</span>
  <span class="name"></span>


     <i class="chevron fa fa-fw"></i>
</div>

  </div>

  <div id="steps-21" class="inner-level collapse collapsable-details  in ">
      <div class="step">


<div class="brief step-name-When passed">
  <span class="keyword indention">When</span>
  <span class="name">enter an username as <span class="argument">st462022</span></span>

  <span class="lead-duration duration">0.099</span>

</div>
















      </div>
      <div class="step">


<div class="brief step-name-And passed">
  <span class="keyword indention">And</span>
  <span class="name">enter a password for login as <span class="argument">S@T46!</span></span>

  <span class="lead-duration duration">0.081</span>

</div>
















      </div>
      <div class="step">


<div class="brief step-name-And passed">
  <span class="keyword indention">And</span>
  <span class="name">click on login button</span>

  <span class="lead-duration duration">0.252</span>

</div>
















      </div>
      <div class="step">


<div class="brief step-name-Then failed">
  <span class="keyword indention">Then</span>
  <span class="name">an error mesage as <span class="argument">Sai t&agrave;i kho&#7843;n ho&#7863;c m&#7853;t kh&#7849;u</span></span>

  <span class="lead-duration duration">0.076</span>

</div>






  <div class="inner-level">
    <div class="message indention">
      <div data-toggle="collapse" class=" collapsable-control" data-target="#msg-22">
          <a>java.lang.AssertionError:</a>
      </div>
      <div id="msg-22" class="collapse collapsable-details  in ">
        <pre>java.lang.AssertionError: expected [true] but found [false]
	at org.testng.Assert.fail(Assert.java:110)
	at org.testng.Assert.failNotEquals(Assert.java:1413)
	at org.testng.Assert.assertTrue(Assert.java:56)
	at org.testng.Assert.assertTrue(Assert.java:66)
	at com.cucumberFramework.pageObjects.login.isErrorMessageDisplay(login.java:75)
	at com.cucumberFramework.stepdefinitions.loginStepDefinitions.an_error_mesage_as(loginStepDefinitions.java:57)
	at &#10045;.Then an error mesage as Sai t&agrave;i kho&#7843;n ho&#7863;c m&#7853;t kh&#7849;u(src/test/resources/features/module/login.feature:23)
</pre>
      </div>
    </div>
  </div>







  <div class="embeddings inner-level">
  <div class="embedding indention">
    <div data-toggle="collapse" data-target="#embedding-23" class="collapsable-control">
      <a>Attachment 1 (png)</a>
      <a href="embeddings/embedding_-894853741.png" download target="_blank">
        <span class="download-button glyphicon glyphicon-download-alt"></span>
      </a>
    </div>
    <div id="embedding-23" class="collapse collapsable-details ">
      <div class="embedding-content">
        <img src="embeddings/embedding_-894853741.png">
      </div>
    </div>
  </div>
  </div>




      </div>
  </div>
</div>




  <div class="inner-level hooks-element-after">
    <div data-toggle="collapse" class=" collapsed  collapsable-control" data-target="#after-24">

<div class="brief passed">
  <span class="keyword indention">Hooks</span>
  <span class="name"></span>


     <i class="chevron fa fa-fw"></i>
</div>

    </div>

    <div id="after-24" class="inner-level collapse collapsable-details ">
        <div class="hook">
          <div class="brief passed">
            <span class="keyword indention">After</span>
              <span class="location name">ServiceHooks.endTest(Scenario)</span>

  <span class="lead-duration duration">1.016</span>

          </div>







        </div>
    </div>
  </div>

  </div>
</div>

        </div>

    </div>
  </div>
</div>


<div class="container-fluid">
  <div class="row">
    <div class="col-md-1 col-md-offset-10">
      <i class="fa fa-chevron-circle-down fa-2x collapsable-control"
        onClick="javascript:$('#report .collapsable-details').collapse('show')"></i>
      <i class="fa fa-chevron-circle-up fa-2x collapsable-control"
        onClick="javascript:$('#report .collapsable-details').collapse('hide')"></i>
    </div>
  </div>
</div>

<br/>

<nav class="navbar navbar-default" id="footer">
  <div class="container-fluid">
    <p class="navbar-text navbar-right">
        <small>generate Cucumber HTML reports via:&nbsp;</small>
        <a class="navbar-link" href="https://github.com/jenkinsci/cucumber-reports-plugin">Jenkins Plugin</a> |
        <a class="navbar-link" href="https://github.com/damianszczepanik/cucumber-reporting">Standalone</a> |
        <a class="navbar-link" href="https://github.com/damianszczepanik/cucumber-sandwich">Sandwich</a> |
        <a class="navbar-link" href="https://github.com/damianszczepanik/maven-cucumber-reporting">Maven</a>
        &nbsp;&nbsp;
    </p>
  </div>
</nav>

</body>
</html>
