<?xml version="1.0" encoding="UTF-8"?>
<!-- Generated by org.testng.reporters.JUnitXMLReporter -->
<testsuite hostname="DD-HUONGTHT1" ignored="0" name="BVT Test" tests="7" failures="3" timestamp="2022-07-06T08:32:23 ICT" time="112.784" errors="0">
  <testcase name="feature" time="7.737" classname="com.cucumberFramework.testRunner.TestRunner">
    <failure type="cucumber.runtime.CucumberException" message="java.lang.AssertionError: expected [true] but found [false]">
      <![CDATA[cucumber.runtime.CucumberException: java.lang.AssertionError: expected [true] but found [false]
at cucumber.api.testng.TestNGCucumberRunner.runCucumber(TestNGCucumberRunner.java:69)
at com.cucumberFramework.testRunner.TestRunner.feature(TestRunner.java:40)
at java.util.ArrayList.forEach(ArrayList.java:1259)
Caused by: java.lang.AssertionError: expected [true] but found [false]
at com.cucumberFramework.pageObjects.accountInfo.isRegisteredDataCorrect(accountInfo.java:81)
at com.cucumberFramework.stepdefinitions.accountInfoStepsDefinitions.i_compared_entered_data_in_registration_form(accountInfoStepsDefinitions.java:28)
at ✽.Then compare entered data in registration form "iviettech" "18/11/2001" "201502485" "0984222860" "Thanh pho Da Nang" "iviettechst46@gmail.com"(src/test/resources/features/module/accountInfo.feature:12)
... Removed 35 stack frames]]>
    </failure>
  </testcase> <!-- feature -->
  <testcase name="feature" time="19.79" classname="com.cucumberFramework.testRunner.TestRunner"/>
  <testcase name="feature" time="12.697" classname="com.cucumberFramework.testRunner.TestRunner"/>
  <testcase name="feature" time="17.442" classname="com.cucumberFramework.testRunner.TestRunner"/>
  <testcase name="feature" time="20.711" classname="com.cucumberFramework.testRunner.TestRunner">
    <failure type="cucumber.runtime.CucumberException" message="java.lang.AssertionError: expected [true] but found [false]">
      <![CDATA[cucumber.runtime.CucumberException: java.lang.AssertionError: expected [true] but found [false]
at cucumber.api.testng.TestNGCucumberRunner.runCucumber(TestNGCucumberRunner.java:69)
at com.cucumberFramework.testRunner.TestRunner.feature(TestRunner.java:40)
at java.util.ArrayList.forEach(ArrayList.java:1259)
Caused by: java.lang.AssertionError: expected [true] but found [false]
at com.cucumberFramework.pageObjects.internalTransfer.isErrorMessageDisplay(internalTransfer.java:102)
at com.cucumberFramework.stepdefinitions.internalTransferStepDefinitions.message_shown_up_is(internalTransferStepDefinitions.java:58)
at ✽.Then message shown up is "Tài khoản không hợp lệ"(src/test/resources/features/module/internalTransfer.feature:18)
... Removed 35 stack frames]]>
    </failure>
  </testcase> <!-- feature -->
  <testcase name="feature" time="23.503" classname="com.cucumberFramework.testRunner.TestRunner">
    <failure type="cucumber.runtime.CucumberException" message="java.lang.AssertionError: expected [true] but found [false]">
      <![CDATA[cucumber.runtime.CucumberException: java.lang.AssertionError: expected [true] but found [false]
at cucumber.api.testng.TestNGCucumberRunner.runCucumber(TestNGCucumberRunner.java:69)
at com.cucumberFramework.testRunner.TestRunner.feature(TestRunner.java:40)
at java.util.ArrayList.forEach(ArrayList.java:1259)
Caused by: java.lang.AssertionError: expected [true] but found [false]
at com.cucumberFramework.pageObjects.login.isErrorMessageDisplay(login.java:75)
at com.cucumberFramework.stepdefinitions.loginStepDefinitions.an_error_mesage_as(loginStepDefinitions.java:57)
at ✽.Then an error mesage as Sai tài khoản hoặc mật khẩu(src/test/resources/features/module/login.feature:23)
... Removed 35 stack frames]]>
    </failure>
  </testcase> <!-- feature -->
  <testcase name="feature" time="10.348" classname="com.cucumberFramework.testRunner.TestRunner"/>
</testsuite> <!-- BVT Test -->
